app/build/intermediates/manifest_merge_blame_file/debug/manifest-merger-blame-debug-report.txt
1<?xml version="1.0" encoding="utf-8"?>
2<manifest xmlns:android="http://schemas.android.com/apk/res/android"
3    package="com.example.std_account_management"
4    android:versionCode="1"
5    android:versionName="1.0" >
6
7    <uses-sdk
8        android:minSdkVersion="34"
9        android:targetSdkVersion="34" />
10
11    <uses-permission android:name="android.permission.INTERNET" />
11-->src/main/AndroidManifest.xml:5:5-67
11-->src/main/AndroidManifest.xml:5:22-64
12    <uses-permission android:name="android.permission.ACCESS_NETWORK_STATE" />
12-->src/main/AndroidManifest.xml:6:5-79
12-->src/main/AndroidManifest.xml:6:22-76
13
14    <permission
14-->[androidx.core:core:1.9.0] AndroidManifest.xml:22:5-24:47
15        android:name="com.example.std_account_management.DYNAMIC_RECEIVER_NOT_EXPORTED_PERMISSION"
15-->[androidx.core:core:1.9.0] AndroidManifest.xml:23:9-81
16        android:protectionLevel="signature" />
16-->[androidx.core:core:1.9.0] AndroidManifest.xml:24:9-44
17
18    <uses-permission android:name="com.example.std_account_management.DYNAMIC_RECEIVER_NOT_EXPORTED_PERMISSION" />
18-->[androidx.core:core:1.9.0] AndroidManifest.xml:26:5-97
18-->[androidx.core:core:1.9.0] AndroidManifest.xml:26:22-94
19
20    <application
20-->src/main/AndroidManifest.xml:8:5-54:19
21        android:allowBackup="true"
21-->src/main/AndroidManifest.xml:9:9-35
22        android:appComponentFactory="androidx.core.app.CoreComponentFactory"
22-->[androidx.core:core:1.9.0] AndroidManifest.xml:28:18-86
23        android:dataExtractionRules="@xml/data_extraction_rules"
23-->src/main/AndroidManifest.xml:10:9-65
24        android:debuggable="true"
25        android:extractNativeLibs="false"
26        android:fullBackupContent="@xml/backup_rules"
26-->src/main/AndroidManifest.xml:11:9-54
27        android:icon="@mipmap/ic_launcher"
27-->src/main/AndroidManifest.xml:12:9-43
28        android:label="@string/app_name"
28-->src/main/AndroidManifest.xml:13:9-41
29        android:roundIcon="@mipmap/ic_launcher_round"
29-->src/main/AndroidManifest.xml:14:9-54
30        android:supportsRtl="true"
30-->src/main/AndroidManifest.xml:15:9-35
31        android:testOnly="true"
32        android:theme="@style/Theme.Stdaccountmanagement" >
32-->src/main/AndroidManifest.xml:16:9-58
33        <activity
33-->src/main/AndroidManifest.xml:18:9-20:40
34            android:name="com.example.std_account_management.DialogFragment"
34-->src/main/AndroidManifest.xml:19:13-43
35            android:exported="false" />
35-->src/main/AndroidManifest.xml:20:13-37
36        <activity
36-->src/main/AndroidManifest.xml:21:9-23:40
37            android:name="com.example.std_account_management.update_student_info_dialog"
37-->src/main/AndroidManifest.xml:22:13-55
38            android:exported="false" />
38-->src/main/AndroidManifest.xml:23:13-37
39        <activity
39-->src/main/AndroidManifest.xml:24:9-26:40
40            android:name="com.example.std_account_management.ViewStudentAdminManager"
40-->src/main/AndroidManifest.xml:25:13-52
41            android:exported="false" />
41-->src/main/AndroidManifest.xml:26:13-37
42        <activity
42-->src/main/AndroidManifest.xml:27:9-29:40
43            android:name="com.example.std_account_management.ViewAllStudents"
43-->src/main/AndroidManifest.xml:28:13-44
44            android:exported="false" />
44-->src/main/AndroidManifest.xml:29:13-37
45        <activity
45-->src/main/AndroidManifest.xml:30:9-32:39
46            android:name="com.example.std_account_management.ManagerActivity"
46-->src/main/AndroidManifest.xml:31:13-44
47            android:exported="true" />
47-->src/main/AndroidManifest.xml:32:13-36
48        <activity
48-->src/main/AndroidManifest.xml:33:9-41:20
49            android:name="com.example.std_account_management.AdminActivity"
49-->src/main/AndroidManifest.xml:34:13-42
50            android:exported="true" >
50-->src/main/AndroidManifest.xml:35:13-36
51            <intent-filter>
51-->src/main/AndroidManifest.xml:36:13-40:29
52                <action android:name="android.intent.action.MAIN" />
52-->src/main/AndroidManifest.xml:37:17-69
52-->src/main/AndroidManifest.xml:37:25-66
53
54                <category android:name="android.intent.category.LAUNCHER" />
54-->src/main/AndroidManifest.xml:39:17-77
54-->src/main/AndroidManifest.xml:39:27-74
55            </intent-filter>
56        </activity> <!--  -->
57        <activity
57-->src/main/AndroidManifest.xml:42:9-44:39
58            android:name="com.example.std_account_management.StudentActivity"
58-->src/main/AndroidManifest.xml:43:13-44
59            android:exported="true" />
59-->src/main/AndroidManifest.xml:44:13-36
60        <activity
60-->src/main/AndroidManifest.xml:45:9-47:39
61            android:name="com.example.std_account_management.AddStudentActivity"
61-->src/main/AndroidManifest.xml:46:13-47
62            android:exported="true" />
62-->src/main/AndroidManifest.xml:47:13-36
63        <activity
63-->src/main/AndroidManifest.xml:48:9-50:39
64            android:name="com.example.std_account_management.SignIn"
64-->src/main/AndroidManifest.xml:49:13-35
65            android:exported="true" /> <!--  -->
65-->src/main/AndroidManifest.xml:50:13-36
66        <activity
66-->src/main/AndroidManifest.xml:51:9-53:39
67            android:name="com.example.std_account_management.MainActivity"
67-->src/main/AndroidManifest.xml:52:13-41
68            android:exported="true" />
68-->src/main/AndroidManifest.xml:53:13-36
69
70        <service
70-->[com.google.firebase:firebase-firestore:24.9.1] AndroidManifest.xml:14:9-23:19
71            android:name="com.google.firebase.components.ComponentDiscoveryService"
71-->[com.google.firebase:firebase-firestore:24.9.1] AndroidManifest.xml:15:13-84
72            android:directBootAware="true"
72-->[com.google.firebase:firebase-common:20.4.2] AndroidManifest.xml:32:13-43
73            android:exported="false" >
73-->[com.google.firebase:firebase-firestore:24.9.1] AndroidManifest.xml:16:13-37
74            <meta-data
74-->[com.google.firebase:firebase-firestore:24.9.1] AndroidManifest.xml:17:13-19:85
75                android:name="com.google.firebase.components:com.google.firebase.firestore.FirebaseFirestoreKtxRegistrar"
75-->[com.google.firebase:firebase-firestore:24.9.1] AndroidManifest.xml:18:17-122
76                android:value="com.google.firebase.components.ComponentRegistrar" />
76-->[com.google.firebase:firebase-firestore:24.9.1] AndroidManifest.xml:19:17-82
77            <meta-data
77-->[com.google.firebase:firebase-firestore:24.9.1] AndroidManifest.xml:20:13-22:85
78                android:name="com.google.firebase.components:com.google.firebase.firestore.FirestoreRegistrar"
78-->[com.google.firebase:firebase-firestore:24.9.1] AndroidManifest.xml:21:17-111
79                android:value="com.google.firebase.components.ComponentRegistrar" />
79-->[com.google.firebase:firebase-firestore:24.9.1] AndroidManifest.xml:22:17-82
80            <meta-data
80-->[com.google.firebase:firebase-common-ktx:20.4.2] AndroidManifest.xml:12:13-14:85
81                android:name="com.google.firebase.components:com.google.firebase.ktx.FirebaseCommonLegacyRegistrar"
81-->[com.google.firebase:firebase-common-ktx:20.4.2] AndroidManifest.xml:13:17-116
82                android:value="com.google.firebase.components.ComponentRegistrar" />
82-->[com.google.firebase:firebase-common-ktx:20.4.2] AndroidManifest.xml:14:17-82
83            <meta-data
83-->[com.google.firebase:firebase-common:20.4.2] AndroidManifest.xml:35:13-37:85
84                android:name="com.google.firebase.components:com.google.firebase.FirebaseCommonKtxRegistrar"
84-->[com.google.firebase:firebase-common:20.4.2] AndroidManifest.xml:36:17-109
85                android:value="com.google.firebase.components.ComponentRegistrar" />
85-->[com.google.firebase:firebase-common:20.4.2] AndroidManifest.xml:37:17-82
86        </service>
87
88        <activity
88-->[com.google.android.gms:play-services-base:18.0.1] AndroidManifest.xml:20:9-22:45
89            android:name="com.google.android.gms.common.api.GoogleApiActivity"
89-->[com.google.android.gms:play-services-base:18.0.1] AndroidManifest.xml:20:19-85
90            android:exported="false"
90-->[com.google.android.gms:play-services-base:18.0.1] AndroidManifest.xml:22:19-43
91            android:theme="@android:style/Theme.Translucent.NoTitleBar" />
91-->[com.google.android.gms:play-services-base:18.0.1] AndroidManifest.xml:21:19-78
92
93        <provider
93-->[com.google.firebase:firebase-common:20.4.2] AndroidManifest.xml:23:9-28:39
94            android:name="com.google.firebase.provider.FirebaseInitProvider"
94-->[com.google.firebase:firebase-common:20.4.2] AndroidManifest.xml:24:13-77
95            android:authorities="com.example.std_account_management.firebaseinitprovider"
95-->[com.google.firebase:firebase-common:20.4.2] AndroidManifest.xml:25:13-72
96            android:directBootAware="true"
96-->[com.google.firebase:firebase-common:20.4.2] AndroidManifest.xml:26:13-43
97            android:exported="false"
97-->[com.google.firebase:firebase-common:20.4.2] AndroidManifest.xml:27:13-37
98            android:initOrder="100" />
98-->[com.google.firebase:firebase-common:20.4.2] AndroidManifest.xml:28:13-36
99        <provider
99-->[androidx.emoji2:emoji2:1.2.0] AndroidManifest.xml:24:9-32:20
100            android:name="androidx.startup.InitializationProvider"
100-->[androidx.emoji2:emoji2:1.2.0] AndroidManifest.xml:25:13-67
101            android:authorities="com.example.std_account_management.androidx-startup"
101-->[androidx.emoji2:emoji2:1.2.0] AndroidManifest.xml:26:13-68
102            android:exported="false" >
102-->[androidx.emoji2:emoji2:1.2.0] AndroidManifest.xml:27:13-37
103            <meta-data
103-->[androidx.emoji2:emoji2:1.2.0] AndroidManifest.xml:29:13-31:52
104                android:name="androidx.emoji2.text.EmojiCompatInitializer"
104-->[androidx.emoji2:emoji2:1.2.0] AndroidManifest.xml:30:17-75
105                android:value="androidx.startup" />
105-->[androidx.emoji2:emoji2:1.2.0] AndroidManifest.xml:31:17-49
106            <meta-data
106-->[androidx.lifecycle:lifecycle-process:2.6.1] AndroidManifest.xml:29:13-31:52
107                android:name="androidx.lifecycle.ProcessLifecycleInitializer"
107-->[androidx.lifecycle:lifecycle-process:2.6.1] AndroidManifest.xml:30:17-78
108                android:value="androidx.startup" />
108-->[androidx.lifecycle:lifecycle-process:2.6.1] AndroidManifest.xml:31:17-49
109            <meta-data
109-->[androidx.profileinstaller:profileinstaller:1.3.0] AndroidManifest.xml:29:13-31:52
110                android:name="androidx.profileinstaller.ProfileInstallerInitializer"
110-->[androidx.profileinstaller:profileinstaller:1.3.0] AndroidManifest.xml:30:17-85
111                android:value="androidx.startup" />
111-->[androidx.profileinstaller:profileinstaller:1.3.0] AndroidManifest.xml:31:17-49
112        </provider>
113
114        <meta-data
114-->[com.google.android.gms:play-services-basement:18.1.0] AndroidManifest.xml:21:9-23:69
115            android:name="com.google.android.gms.version"
115-->[com.google.android.gms:play-services-basement:18.1.0] AndroidManifest.xml:22:13-58
116            android:value="@integer/google_play_services_version" />
116-->[com.google.android.gms:play-services-basement:18.1.0] AndroidManifest.xml:23:13-66
117
118        <receiver
118-->[androidx.profileinstaller:profileinstaller:1.3.0] AndroidManifest.xml:34:9-52:20
119            android:name="androidx.profileinstaller.ProfileInstallReceiver"
119-->[androidx.profileinstaller:profileinstaller:1.3.0] AndroidManifest.xml:35:13-76
120            android:directBootAware="false"
120-->[androidx.profileinstaller:profileinstaller:1.3.0] AndroidManifest.xml:36:13-44
121            android:enabled="true"
121-->[androidx.profileinstaller:profileinstaller:1.3.0] AndroidManifest.xml:37:13-35
122            android:exported="true"
122-->[androidx.profileinstaller:profileinstaller:1.3.0] AndroidManifest.xml:38:13-36
123            android:permission="android.permission.DUMP" >
123-->[androidx.profileinstaller:profileinstaller:1.3.0] AndroidManifest.xml:39:13-57
124            <intent-filter>
124-->[androidx.profileinstaller:profileinstaller:1.3.0] AndroidManifest.xml:40:13-42:29
125                <action android:name="androidx.profileinstaller.action.INSTALL_PROFILE" />
125-->[androidx.profileinstaller:profileinstaller:1.3.0] AndroidManifest.xml:41:17-91
125-->[androidx.profileinstaller:profileinstaller:1.3.0] AndroidManifest.xml:41:25-88
126            </intent-filter>
127            <intent-filter>
127-->[androidx.profileinstaller:profileinstaller:1.3.0] AndroidManifest.xml:43:13-45:29
128                <action android:name="androidx.profileinstaller.action.SKIP_FILE" />
128-->[androidx.profileinstaller:profileinstaller:1.3.0] AndroidManifest.xml:44:17-85
128-->[androidx.profileinstaller:profileinstaller:1.3.0] AndroidManifest.xml:44:25-82
129            </intent-filter>
130            <intent-filter>
130-->[androidx.profileinstaller:profileinstaller:1.3.0] AndroidManifest.xml:46:13-48:29
131                <action android:name="androidx.profileinstaller.action.SAVE_PROFILE" />
131-->[androidx.profileinstaller:profileinstaller:1.3.0] AndroidManifest.xml:47:17-88
131-->[androidx.profileinstaller:profileinstaller:1.3.0] AndroidManifest.xml:47:25-85
132            </intent-filter>
133            <intent-filter>
133-->[androidx.profileinstaller:profileinstaller:1.3.0] AndroidManifest.xml:49:13-51:29
134                <action android:name="androidx.profileinstaller.action.BENCHMARK_OPERATION" />
134-->[androidx.profileinstaller:profileinstaller:1.3.0] AndroidManifest.xml:50:17-95
134-->[androidx.profileinstaller:profileinstaller:1.3.0] AndroidManifest.xml:50:25-92
135            </intent-filter>
136        </receiver>
137    </application>
138
139</manifest>